Generated on 2017-06-02 20:30:16 by gEcon ver. 1.0.2 (2016-12-05)
http://gecon.r-forge.r-project.org/

Model name: rbc_ic

1 WARNING, see bottom of this logfile


Block: CONSUMER
 Controls:
    K_s[], C[], L_s[], I[]
 Objective:
    U[] = beta * E[][U[1]] + (1 - eta)^-1 * (C[]^mu * (1 - L_s[])^(1 - mu))^(1 - eta)
 Constraints:
    pi[] - C[] - I[] + K_s[-1] * r[] + L_s[] * W[] - psi * K_s[-1] * (-delta + K_s[-1]^-1 * I[])^2 = 0    (lambda_c[])
    I[] - K_s[] + K_s[-1] * (1 - delta) = 0    (lambda__CONSUMER_2[])
 First order conditions:
    -lambda__CONSUMER_2[] + beta * ((1 - delta) * E[][lambda__CONSUMER_2[1]] + E[][lambda_c[1] * (r[1] - psi * (-delta + K_s[]^-1 * I[1])^2 + 2 * psi * K_s[]^-1 * I[1] * (-delta + K_s[]^-1 * I[1]))]) = 0    (K_s[])
    -lambda_c[] + mu * C[]^(-1 + mu) * (1 - L_s[])^(1 - mu) * (C[]^mu * (1 - L_s[])^(1 - mu))^(-eta) = 0    (C[])
    lambda_c[] * W[] + (-1 + mu) * C[]^mu * (1 - L_s[])^(-mu) * (C[]^mu * (1 - L_s[])^(1 - mu))^(-eta) = 0    (L_s[])
    lambda__CONSUMER_2[] + lambda_c[] * (-1 - 2 * psi * (-delta + K_s[-1]^-1 * I[])) = 0    (I[])

Block: FIRM
 Controls:
    K_d[], L_d[], Y[], pi[]
 Objective:
    PI[] = pi[]
 Constraints:
    -Y[] + Z[] * K_d[]^alpha * L_d[]^(1 - alpha) = 0    (lambda__FIRM_1[])
    -pi[] + Y[] - r[] * K_d[] - L_d[] * W[] = 0    (lambda__FIRM_2[])
 First order conditions:
    -lambda__FIRM_2[] * r[] + alpha * lambda__FIRM_1[] * Z[] * K_d[]^(-1 + alpha) * L_d[]^(1 - alpha) = 0    (K_d[])
    -lambda__FIRM_2[] * W[] + lambda__FIRM_1[] * Z[] * (1 - alpha) * K_d[]^alpha * L_d[]^(-alpha) = 0    (L_d[])
    -lambda__FIRM_1[] + lambda__FIRM_2[] = 0    (Y[])
    1 - lambda__FIRM_2[] = 0    (pi[])
 First order conditions after reduction:
    -r[] + alpha * Z[] * K_d[]^(-1 + alpha) * L_d[]^(1 - alpha) = 0    (K_d[])
    -W[] + Z[] * (1 - alpha) * K_d[]^alpha * L_d[]^(-alpha) = 0    (L_d[])

Block: EQUILIBRIUM
 Identities:
    K_s[-1] - K_d[] = 0
    -L_d[] + L_s[] = 0

Block: EXOG
 Identities:
    -Z[] + exp(epsilon_Z[] + phi * log(Z[-1])) = 0

Variables (9):
    r[], C[], I[], K_s[], L_s[], U[], W[], Y[], Z[]

Shocks (1):
    epsilon_Z[]

Parameters (7):
    alpha, beta, delta, eta, mu, phi, psi

Free parameters (6):
    beta, delta, eta, mu, phi, psi

Calibrated parameters (1):
    alpha

Equations (9):
 (1)  -r[] + alpha * Z[] * K_s[-1]^(-1 + alpha) * L_s[]^(1 - alpha) = 0
 (2)  -W[] + Z[] * (1 - alpha) * K_s[-1]^alpha * L_s[]^(-alpha) = 0
 (3)  -Y[] + Z[] * K_s[-1]^alpha * L_s[]^(1 - alpha) = 0
 (4)  -Z[] + exp(epsilon_Z[] + phi * log(Z[-1])) = 0
 (5)  beta * (mu * E[][(r[1] - psi * (-delta + K_s[]^-1 * I[1])^2 + 2 * psi * K_s[]^-1 * I[1] * (-delta + K_s[]^-1 * I[1])) * C[1]^(-1 + mu) * (1 - L_s[1])^(1 - mu) * (C[1]^mu * (1 - L_s[1])^(1 - mu))^(-eta)] - mu * (1 - delta) * E[][(-1 - 2 * psi * (-delta + K_s[]^-1 * I[1])) * C[1]^(-1 + mu) * (1 - L_s[1])^(1 - mu) * (C[1]^mu * (1 - L_s[1])^(1 - mu))^(-eta)]) + mu * (-1 - 2 * psi * (-delta + K_s[-1]^-1 * I[])) * C[]^(-1 + mu) * (1 - L_s[])^(1 - mu) * (C[]^mu * (1 - L_s[])^(1 - mu))^(-eta) = 0
 (6)  (-1 + mu) * C[]^mu * (1 - L_s[])^(-mu) * (C[]^mu * (1 - L_s[])^(1 - mu))^(-eta) + mu * W[] * C[]^(-1 + mu) * (1 - L_s[])^(1 - mu) * (C[]^mu * (1 - L_s[])^(1 - mu))^(-eta) = 0
 (7)  I[] - K_s[] + K_s[-1] * (1 - delta) = 0
 (8)  U[] - beta * E[][U[1]] - (1 - eta)^-1 * (C[]^mu * (1 - L_s[])^(1 - mu))^(1 - eta) = 0
 (9)  -C[] - I[] + Y[] - psi * K_s[-1] * (-delta + K_s[-1]^-1 * I[])^2 = 0

Steady state equations (9):
 (1)  -r[ss] + alpha * Z[ss] * K_s[ss]^(-1 + alpha) * L_s[ss]^(1 - alpha) = 0
 (2)  -W[ss] + Z[ss] * (1 - alpha) * K_s[ss]^alpha * L_s[ss]^(-alpha) = 0
 (3)  -Y[ss] + Z[ss] * K_s[ss]^alpha * L_s[ss]^(1 - alpha) = 0
 (4)  -Z[ss] + exp(phi * log(Z[ss])) = 0
 (5)  beta * (mu * (r[ss] - psi * (-delta + I[ss] * K_s[ss]^-1)^2 + 2 * psi * I[ss] * K_s[ss]^-1 * (-delta + I[ss] * K_s[ss]^-1)) * C[ss]^(-1 + mu) * (1 - L_s[ss])^(1 - mu) * (C[ss]^mu * (1 - L_s[ss])^(1 - mu))^(-eta) - mu * (-1 - 2 * psi * (-delta + I[ss] * K_s[ss]^-1)) * (1 - delta) * C[ss]^(-1 + mu) * (1 - L_s[ss])^(1 - mu) * (C[ss]^mu * (1 - L_s[ss])^(1 - mu))^(-eta)) + mu * (-1 - 2 * psi * (-delta + I[ss] * K_s[ss]^-1)) * C[ss]^(-1 + mu) * (1 - L_s[ss])^(1 - mu) * (C[ss]^mu * (1 - L_s[ss])^(1 - mu))^(-eta) = 0
 (6)  (-1 + mu) * C[ss]^mu * (1 - L_s[ss])^(-mu) * (C[ss]^mu * (1 - L_s[ss])^(1 - mu))^(-eta) + mu * W[ss] * C[ss]^(-1 + mu) * (1 - L_s[ss])^(1 - mu) * (C[ss]^mu * (1 - L_s[ss])^(1 - mu))^(-eta) = 0
 (7)  I[ss] - K_s[ss] + K_s[ss] * (1 - delta) = 0
 (8)  U[ss] - beta * U[ss] - (1 - eta)^-1 * (C[ss]^mu * (1 - L_s[ss])^(1 - mu))^(1 - eta) = 0
 (9)  -C[ss] - I[ss] + Y[ss] - psi * K_s[ss] * (-delta + I[ss] * K_s[ss]^-1)^2 = 0

Calibrating equations (1):
 (1)  -0.36 * Y[ss] + r[ss] * K_s[ss] = 0

Parameter settings (6):
 (1)  beta = 0.99
 (2)  delta = 0.025
 (3)  eta = 2
 (4)  mu = 0.3
 (5)  phi = 0.95
 (6)  psi = 0.8


1 WARNING
(gEcon model warning 1): Variable "K_d[]" selected for reduction appears in calibrating equation "-0.36 * Y[ss] + r[ss] * K_d[ss] = 0"; warning near line 18
